{
  "fractionalScore": "0.00",
  "feedback": "======================================================================\nTest result of the task: \"Example task.\"\nAttempt at Tue Dec 29 21:52:20 2020.\n======================================================================\n[ERROR] unittest.loader._FailedTest.test_summa. ImportError\nFailed to import test module: test_summa\nTraceback (most recent call last):\n  File \"/usr/local/lib/python3.6/unittest/loader.py\", line 428, in _find_test_path\n    module = self._get_module_from_name(name)\n  File \"/usr/local/lib/python3.6/unittest/loader.py\", line 369, in _get_module_from_name\n    __import__(name)\n  File \"/home/ququshka77/Desktop/PROJECTS/exgrex-py/bats/TestGraders/grader_h/ABCF/tests/test_summa.py\", line 2, in <module>\n    from tests.solution import summa\nModuleNotFoundError: No module named 'tests.solution'\n\n======================================================================\nNot passed. Score: 0 points out of 100.\nTo pass the test, you need to score 60 points.\nTry again."
}
